Virtual User Script started at: 18.10.2020 23:42:13
Starting action vuser_init.
Web Turbo Replay of LoadRunner 12.60.0 for Windows 10; build 971 (рту 09 2018 11:27:13)  	[MsgId: MMSG-26983]
Run mode: HTML  	[MsgId: MMSG-26993]
Replay user agent: Mozilla/5.0 (Windows NT 10.0; Win64; x64) AppleWebKit/537.36 (KHTML, like Gecko) Chrome/85.0.4183.121 Safari/537.36  	[MsgId: MMSG-26988]
Runtime Settings file: "C:\Users\nikit\Documents\VuGen\Scripts\task_lr\task\\default.cfg"  	[MsgId: MMSG-27141]
Ending action vuser_init.
Running Vuser...
Starting iteration 1.
Maximum number of concurrent connections per server: 6  	[MsgId: MMSG-26989]
Starting action Action.
Action.c(40): web_set_max_html_param_len started  	[MsgId: MMSG-26355]
Action.c(40): web_set_max_html_param_len was successful  	[MsgId: MMSG-26392]
Action.c(42): web_add_auto_header("Upgrade-Insecure-Requests") started  	[MsgId: MMSG-26355]
Action.c(42): web_add_auto_header("Upgrade-Insecure-Requests") was successful  	[MsgId: MMSG-26392]
Action.c(44): web_add_auto_header("Conncection") started  	[MsgId: MMSG-26355]
Action.c(44): web_add_auto_header("Conncection") was successful  	[MsgId: MMSG-26392]
Action.c(47): web_url("test.youplace.net") started  	[MsgId: MMSG-26355]
Action.c(47): web_url("test.youplace.net") was successful, 1375 body bytes, 209 header bytes  	[MsgId: MMSG-26386]
Action.c(57): web_reg_save_param started  	[MsgId: MMSG-26355]
Action.c(57): Registering web_reg_save_param was successful  	[MsgId: MMSG-26390]
Action.c(69): web_url("test.youplace.net") started  	[MsgId: MMSG-26355]
Action.c(69): web_url("test.youplace.net") was successful, 2154 body bytes, 124 header bytes, 18 chunking overhead bytes  	[MsgId: MMSG-26385]
Action.c(86): THERES A RADIO
Action.c(87): THIS IS IT!! <input type="radio" name="7F616BHy3meXn4zI" value="A14Ve2quJ">A14Ve2quJ &nbsp;&nbsp;&nbsp;<input type="radio" name="7F616BHy3meXn4zI" value="GOvAlHFBX">GOvAlHFBX &nbsp;&nbsp;&nbsp;<input type="radio" name="7F616BHy3meXn4zI" value="xlr27XyswYueu6L">xlr27XyswYueu6L &nbsp;&nbsp;&nbsp;
Action.c(169): 7F616BHy3meXn4zI
Action.c(170): xlr27XyswYueu6L
Action.c(86): THERES A RADIO
Action.c(87): THIS IS IT!! <input type="radio" name="Yvf6FCz7oVh6YjGj" value="waOur91N">waOur91N &nbsp;&nbsp;&nbsp;<input type="radio" name="Yvf6FCz7oVh6YjGj" value="jMerTJSjL">jMerTJSjL &nbsp;&nbsp;&nbsp;<input type="radio" name="Yvf6FCz7oVh6YjGj" value="9OMgfxb5SYPica2">9OMgfxb5SYPica2 &nbsp;&nbsp;&nbsp;<input type="radio" name="Yvf6FCz7oVh6YjGj" value="G7D4E9KVr">G7D4E9KVr &nbsp;&nbsp;&nbsp;
Action.c(169): Yvf6FCz7oVh6YjGj
Action.c(170): 9OMgfxb5SYPica2
Action.c(86): THERES A RADIO
Action.c(87): THIS IS IT!! <input type="radio" name="bzUAZUO5gHSkLrw3" value="glfwdPsQY">glfwdPsQY &nbsp;&nbsp;&nbsp;<input type="radio" name="bzUAZUO5gHSkLrw3" value="9XcYEFivs9vINk">9XcYEFivs9vINk &nbsp;&nbsp;&nbsp;<input type="radio" name="bzUAZUO5gHSkLrw3" value="uprlZFTkG">uprlZFTkG &nbsp;&nbsp;&nbsp;
Action.c(169): bzUAZUO5gHSkLrw3
Action.c(170): 9XcYEFivs9vINk
Action.c(308): 7F616BHy3meXn4zI=xlr27XyswYueu6L&Yvf6FCz7oVh6YjGj=9OMgfxb5SYPica2&bzUAZUO5gHSkLrw3=9XcYEFivs9vINk&
Action.c(312): web_add_auto_header("Conncection") started  	[MsgId: MMSG-26355]
Action.c(312): web_add_auto_header("Conncection") was successful  	[MsgId: MMSG-26392]
Action.c(315): web_reg_save_param started  	[MsgId: MMSG-26355]
Action.c(315): Registering web_reg_save_param was successful  	[MsgId: MMSG-26390]
Action.c(322): web_custom_request("q") started  	[MsgId: MMSG-26355]
Action.c(322): Redirecting "http://test.youplace.net/question/1" (redirection depth is 0)  	[MsgId: MMSG-26694]
Action.c(322): To location "http://test.youplace.net/question/2"  	[MsgId: MMSG-26693]
Action.c(322): web_custom_request("q") was successful, 1765 body bytes, 219 header bytes  	[MsgId: MMSG-26386]
Ending action Action.
Ending iteration 1.
Starting iteration 2.
Starting action Action.
Action.c(40): web_set_max_html_param_len started  	[MsgId: MMSG-26355]
Action.c(40): web_set_max_html_param_len was successful  	[MsgId: MMSG-26392]
Action.c(42): web_add_auto_header("Upgrade-Insecure-Requests") started  	[MsgId: MMSG-26355]
Action.c(42): web_add_auto_header("Upgrade-Insecure-Requests") was successful  	[MsgId: MMSG-26392]
Action.c(44): web_add_auto_header("Conncection") started  	[MsgId: MMSG-26355]
Action.c(44): web_add_auto_header("Conncection") was successful  	[MsgId: MMSG-26392]
Action.c(47): web_url("test.youplace.net") started  	[MsgId: MMSG-26355]
Action.c(47): web_url("test.youplace.net") was successful, 1375 body bytes, 209 header bytes  	[MsgId: MMSG-26386]
Action.c(57): web_reg_save_param started  	[MsgId: MMSG-26355]
Action.c(57): Registering web_reg_save_param was successful  	[MsgId: MMSG-26390]
Action.c(69): web_url("test.youplace.net") started  	[MsgId: MMSG-26355]
Action.c(69): web_url("test.youplace.net") was successful, 1964 body bytes, 118 header bytes  	[MsgId: MMSG-26386]
Action.c(210): THERES A SELECT
Action.c(211): THIS IS IT!! <select name="triWH5sWf0aX95lh"><option value=""></option><option value="85noCzGdv1">85noCzGdv1</option><option value="AGrVg4HXXeGTu">AGrVg4HXXeGTu</option><option value="PeaNaCHu00">PeaNaCHu00</option></select>
Action.c(298): triWH5sWf0aX95lh
Action.c(299): AGrVg4HXXeGTu
Action.c(210): THERES A SELECT
Action.c(211): THIS IS IT!! <select name="U5aCwqJYjvj5xizX"><option value=""></option><option value="gtUakCmwx">gtUakCmwx</option><option value="FhterG8pUo">FhterG8pUo</option><option value="sJYRsbBpwjLiIZq5">sJYRsbBpwjLiIZq5</option><option value="Yi7INlBL">Yi7INlBL</option></select>
Action.c(298): U5aCwqJYjvj5xizX
Action.c(299): sJYRsbBpwjLiIZq5
Action.c(86): THERES A RADIO
Action.c(87): THIS IS IT!! <input type="radio" name="x7m00z0X4wQlrkm9" value="Fm0K4FH">Fm0K4FH &nbsp;&nbsp;&nbsp;<input type="radio" name="x7m00z0X4wQlrkm9" value="qkZb3jJ">qkZb3jJ &nbsp;&nbsp;&nbsp;<input type="radio" name="x7m00z0X4wQlrkm9" value="r1d3xSIvzIcjMNj">r1d3xSIvzIcjMNj &nbsp;&nbsp;&nbsp;
Action.c(169): x7m00z0X4wQlrkm9
Action.c(170): r1d3xSIvzIcjMNj
Action.c(308): triWH5sWf0aX95lh=AGrVg4HXXeGTu&U5aCwqJYjvj5xizX=sJYRsbBpwjLiIZq5&x7m00z0X4wQlrkm9=r1d3xSIvzIcjMNj&
Action.c(312): web_add_auto_header("Conncection") started  	[MsgId: MMSG-26355]
Action.c(312): web_add_auto_header("Conncection") was successful  	[MsgId: MMSG-26392]
Action.c(315): web_reg_save_param started  	[MsgId: MMSG-26355]
Action.c(315): Registering web_reg_save_param was successful  	[MsgId: MMSG-26390]
Action.c(322): web_custom_request("q") started  	[MsgId: MMSG-26355]
Action.c(322): Redirecting "http://test.youplace.net/question/2" (redirection depth is 0)  	[MsgId: MMSG-26694]
Action.c(322): To location "http://test.youplace.net/question/3"  	[MsgId: MMSG-26693]
Action.c(322): web_custom_request("q") was successful, 2195 body bytes, 225 header bytes, 18 chunking overhead bytes  	[MsgId: MMSG-26385]
Ending action Action.
Ending iteration 2.
Starting iteration 3.
Starting action Action.
Action.c(40): web_set_max_html_param_len started  	[MsgId: MMSG-26355]
Action.c(40): web_set_max_html_param_len was successful  	[MsgId: MMSG-26392]
Action.c(42): web_add_auto_header("Upgrade-Insecure-Requests") started  	[MsgId: MMSG-26355]
Action.c(42): web_add_auto_header("Upgrade-Insecure-Requests") was successful  	[MsgId: MMSG-26392]
Action.c(44): web_add_auto_header("Conncection") started  	[MsgId: MMSG-26355]
Action.c(44): web_add_auto_header("Conncection") was successful  	[MsgId: MMSG-26392]
Action.c(47): web_url("test.youplace.net") started  	[MsgId: MMSG-26355]
Action.c(47): web_url("test.youplace.net") was successful, 1375 body bytes, 209 header bytes  	[MsgId: MMSG-26386]
Action.c(57): web_reg_save_param started  	[MsgId: MMSG-26355]
Action.c(57): Registering web_reg_save_param was successful  	[MsgId: MMSG-26390]
Action.c(69): web_url("test.youplace.net") started  	[MsgId: MMSG-26355]
Action.c(69): web_url("test.youplace.net") was successful, 2363 body bytes, 124 header bytes, 19 chunking overhead bytes  	[MsgId: MMSG-26385]
Action.c(178): THERES A TEXT
Action.c(179): THIS IS IT!! <input type="text" name="EPRBOeXYsaGH7ryT">
Action.c(202): EPRBOeXYsaGH7ryT
Action.c(210): THERES A SELECT
Action.c(211): THIS IS IT!! <select name="U3XSNoMllvTBr4YC"><option value=""></option><option value="9rNsR4ejuu">9rNsR4ejuu</option><option value="GzokCe11">GzokCe11</option><option value="T3y7yU8H4Zg9c">T3y7yU8H4Zg9c</option><option value="Bld8pJn">Bld8pJn</option></select>
Action.c(298): U3XSNoMllvTBr4YC
Action.c(299): T3y7yU8H4Zg9c
Action.c(86): THERES A RADIO
Action.c(87): THIS IS IT!! <input type="radio" name="RbLKh1EcjhKAlRT6" value="PfZeEbVC2WTGxO">PfZeEbVC2WTGxO &nbsp;&nbsp;&nbsp;<input type="radio" name="RbLKh1EcjhKAlRT6" value="5gxPQBguA">5gxPQBguA &nbsp;&nbsp;&nbsp;<input type="radio" name="RbLKh1EcjhKAlRT6" value="qsIttRwsxT">qsIttRwsxT &nbsp;&nbsp;&nbsp;<input type="radio" name="RbLKh1EcjhKAlRT6" value="RKvN8Myof">RKvN8Myof &nbsp;&nbsp;&nbsp;
Action.c(169): RbLKh1EcjhKAlRT6
Action.c(170): PfZeEbVC2WTGxO
Action.c(86): THERES A RADIO
Action.c(87): THIS IS IT!! <input type="radio" name="ZzllZ3UqIJyEPOST" value="l48jiQ0jPr">l48jiQ0jPr &nbsp;&nbsp;&nbsp;<input type="radio" name="ZzllZ3UqIJyEPOST" value="qiGEKVxg">qiGEKVxg &nbsp;&nbsp;&nbsp;<input type="radio" name="ZzllZ3UqIJyEPOST" value="ErmF4WXBa">ErmF4WXBa &nbsp;&nbsp;&nbsp;<input type="radio" name="ZzllZ3UqIJyEPOST" value="t2zRt5V0w">t2zRt5V0w &nbsp;&nbsp;&nbsp;<input type="radio" name="ZzllZ3UqIJyEPOST" value="E0eLDRCqz4T5ec9">E0eLDRCqz4T5ec9 &nbsp;&nbsp;&nbsp;
Action.c(169): ZzllZ3UqIJyEPOST
Action.c(170): E0eLDRCqz4T5ec9
Action.c(308): EPRBOeXYsaGH7ryT=test&U3XSNoMllvTBr4YC=T3y7yU8H4Zg9c&RbLKh1EcjhKAlRT6=PfZeEbVC2WTGxO&ZzllZ3UqIJyEPOST=E0eLDRCqz4T5ec9&
Action.c(312): web_add_auto_header("Conncection") started  	[MsgId: MMSG-26355]
Action.c(312): web_add_auto_header("Conncection") was successful  	[MsgId: MMSG-26392]
Action.c(315): web_reg_save_param started  	[MsgId: MMSG-26355]
Action.c(315): Registering web_reg_save_param was successful  	[MsgId: MMSG-26390]
Action.c(322): web_custom_request("q") started  	[MsgId: MMSG-26355]
Action.c(322): Redirecting "http://test.youplace.net/question/3" (redirection depth is 0)  	[MsgId: MMSG-26694]
Action.c(322): To location "http://test.youplace.net/question/4"  	[MsgId: MMSG-26693]
Action.c(322): web_custom_request("q") was successful, 2468 body bytes, 225 header bytes, 19 chunking overhead bytes  	[MsgId: MMSG-26385]
Ending action Action.
Ending iteration 3.
Starting iteration 4.
Starting action Action.
Action.c(40): web_set_max_html_param_len started  	[MsgId: MMSG-26355]
Action.c(40): web_set_max_html_param_len was successful  	[MsgId: MMSG-26392]
Action.c(42): web_add_auto_header("Upgrade-Insecure-Requests") started  	[MsgId: MMSG-26355]
Action.c(42): web_add_auto_header("Upgrade-Insecure-Requests") was successful  	[MsgId: MMSG-26392]
Action.c(44): web_add_auto_header("Conncection") started  	[MsgId: MMSG-26355]
Action.c(44): web_add_auto_header("Conncection") was successful  	[MsgId: MMSG-26392]
Action.c(47): web_url("test.youplace.net") started  	[MsgId: MMSG-26355]
Action.c(47): web_url("test.youplace.net") was successful, 1375 body bytes, 209 header bytes  	[MsgId: MMSG-26386]
Action.c(57): web_reg_save_param started  	[MsgId: MMSG-26355]
Action.c(57): Registering web_reg_save_param was successful  	[MsgId: MMSG-26390]
Action.c(69): web_url("test.youplace.net") started  	[MsgId: MMSG-26355]
Action.c(69): web_url("test.youplace.net") was successful, 2098 body bytes, 124 header bytes, 18 chunking overhead bytes  	[MsgId: MMSG-26385]
Action.c(210): THERES A SELECT
Action.c(211): THIS IS IT!! <select name="yJiIccFg3fhEltmp"><option value=""></option><option value="wUBax07">wUBax07</option><option value="MR8risT8Svp5A">MR8risT8Svp5A</option><option value="IJ6vvM6jnp">IJ6vvM6jnp</option><option value="fCwuU8KC">fCwuU8KC</option></select>
Action.c(298): yJiIccFg3fhEltmp
Action.c(299): MR8risT8Svp5A
Action.c(86): THERES A RADIO
Action.c(87): THIS IS IT!! <input type="radio" name="8G3mTpxU1U92Itbn" value="3DpfG3v76">3DpfG3v76 &nbsp;&nbsp;&nbsp;<input type="radio" name="8G3mTpxU1U92Itbn" value="Ml23xLieiTRZ0qM">Ml23xLieiTRZ0qM &nbsp;&nbsp;&nbsp;<input type="radio" name="8G3mTpxU1U92Itbn" value="e4OC2OcX">e4OC2OcX &nbsp;&nbsp;&nbsp;
Action.c(169): 8G3mTpxU1U92Itbn
Action.c(170): Ml23xLieiTRZ0qM
Action.c(210): THERES A SELECT
Action.c(211): THIS IS IT!! <select name="CM6yIxa4JJyxBFfw"><option value=""></option><option value="y1kmTySE">y1kmTySE</option><option value="FzNMxHvZejX645">FzNMxHvZejX645</option><option value="oIT1hMvxX">oIT1hMvxX</option><option value="T0haGGC2">T0haGGC2</option><option value="IV3YuhM">IV3YuhM</option></select>
Action.c(298): CM6yIxa4JJyxBFfw
Action.c(299): FzNMxHvZejX645
Action.c(178): THERES A TEXT
Action.c(179): THIS IS IT!! <input type="text" name="uIPDBRGHmggMUpf0">
Action.c(202): uIPDBRGHmggMUpf0
Action.c(308): yJiIccFg3fhEltmp=MR8risT8Svp5A&8G3mTpxU1U92Itbn=Ml23xLieiTRZ0qM&CM6yIxa4JJyxBFfw=FzNMxHvZejX645&uIPDBRGHmggMUpf0=test&
Action.c(312): web_add_auto_header("Conncection") started  	[MsgId: MMSG-26355]
Action.c(312): web_add_auto_header("Conncection") was successful  	[MsgId: MMSG-26392]
Action.c(315): web_reg_save_param started  	[MsgId: MMSG-26355]
Action.c(315): Registering web_reg_save_param was successful  	[MsgId: MMSG-26390]
Action.c(322): web_custom_request("q") started  	[MsgId: MMSG-26355]
Action.c(322): Redirecting "http://test.youplace.net/question/4" (redirection depth is 0)  	[MsgId: MMSG-26694]
Action.c(322): To location "http://test.youplace.net/question/5"  	[MsgId: MMSG-26693]
Action.c(322): web_custom_request("q") was successful, 2011 body bytes, 219 header bytes  	[MsgId: MMSG-26386]
Ending action Action.
Ending iteration 4.
Starting iteration 5.
Starting action Action.
Action.c(40): web_set_max_html_param_len started  	[MsgId: MMSG-26355]
Action.c(40): web_set_max_html_param_len was successful  	[MsgId: MMSG-26392]
Action.c(42): web_add_auto_header("Upgrade-Insecure-Requests") started  	[MsgId: MMSG-26355]
Action.c(42): web_add_auto_header("Upgrade-Insecure-Requests") was successful  	[MsgId: MMSG-26392]
Action.c(44): web_add_auto_header("Conncection") started  	[MsgId: MMSG-26355]
Action.c(44): web_add_auto_header("Conncection") was successful  	[MsgId: MMSG-26392]
Action.c(47): web_url("test.youplace.net") started  	[MsgId: MMSG-26355]
Action.c(47): web_url("test.youplace.net") was successful, 1375 body bytes, 209 header bytes  	[MsgId: MMSG-26386]
Action.c(57): web_reg_save_param started  	[MsgId: MMSG-26355]
Action.c(57): Registering web_reg_save_param was successful  	[MsgId: MMSG-26390]
Action.c(69): web_url("test.youplace.net") started  	[MsgId: MMSG-26355]
Action.c(69): web_url("test.youplace.net") was successful, 1682 body bytes, 118 header bytes  	[MsgId: MMSG-26386]
Action.c(86): THERES A RADIO
Action.c(87): THIS IS IT!! <input type="radio" name="wwd2Wp2nBTzgBnS5" value="YaKQCCo">YaKQCCo &nbsp;&nbsp;&nbsp;<input type="radio" name="wwd2Wp2nBTzgBnS5" value="BoXc4wRO">BoXc4wRO &nbsp;&nbsp;&nbsp;<input type="radio" name="wwd2Wp2nBTzgBnS5" value="KBbEv1VaSHWVX">KBbEv1VaSHWVX &nbsp;&nbsp;&nbsp;
Action.c(169): wwd2Wp2nBTzgBnS5
Action.c(170): 
Action.c(210): THERES A SELECT
Action.c(211): THIS IS IT!! <select name="H13zErzTzJwCU3Bb"><option value=""></option><option value="oNWaRriBaN">oNWaRriBaN</option><option value="dlCg3Pj">dlCg3Pj</option><option value="3NlqByuH0byYf">3NlqByuH0byYf</option></select>
Action.c(298): H13zErzTzJwCU3Bb
Action.c(299): 3NlqByuH0byYf
Action.c(308): wwd2Wp2nBTzgBnS5=&H13zErzTzJwCU3Bb=3NlqByuH0byYf&
Action.c(312): web_add_auto_header("Conncection") started  	[MsgId: MMSG-26355]
Action.c(312): web_add_auto_header("Conncection") was successful  	[MsgId: MMSG-26392]
Action.c(315): web_reg_save_param started  	[MsgId: MMSG-26355]
Action.c(315): Registering web_reg_save_param was successful  	[MsgId: MMSG-26390]
Action.c(322): web_custom_request("q") started  	[MsgId: MMSG-26355]
Action.c(322): Warning -26625: HTTP Status-Code=406 (Not Acceptable) for "http://test.youplace.net/question/5"  	[MsgId: MWAR-26625]
Action.c(322): web_custom_request("q") highest severity level was "warning", 1735 body bytes, 130 header bytes  	[MsgId: MMSG-26388]
Ending action Action.
Ending iteration 5.
Starting iteration 6.
Starting action Action.
Action.c(40): web_set_max_html_param_len started  	[MsgId: MMSG-26355]
Action.c(40): web_set_max_html_param_len was successful  	[MsgId: MMSG-26392]
Action.c(42): web_add_auto_header("Upgrade-Insecure-Requests") started  	[MsgId: MMSG-26355]
Action.c(42): web_add_auto_header("Upgrade-Insecure-Requests") was successful  	[MsgId: MMSG-26392]
Action.c(44): web_add_auto_header("Conncection") started  	[MsgId: MMSG-26355]
Action.c(44): web_add_auto_header("Conncection") was successful  	[MsgId: MMSG-26392]
Action.c(47): web_url("test.youplace.net") started  	[MsgId: MMSG-26355]
Action.c(47): web_url("test.youplace.net") was successful, 1375 body bytes, 209 header bytes  	[MsgId: MMSG-26386]
Action.c(57): web_reg_save_param started  	[MsgId: MMSG-26355]
Action.c(57): Registering web_reg_save_param was successful  	[MsgId: MMSG-26390]
Action.c(69): web_url("test.youplace.net") started  	[MsgId: MMSG-26355]
Action.c(69): web_url("test.youplace.net") was successful, 2126 body bytes, 124 header bytes, 18 chunking overhead bytes  	[MsgId: MMSG-26385]
Action.c(86): THERES A RADIO
Action.c(87): THIS IS IT!! <input type="radio" name="9fnCbPCcXpLaEIvE" value="xd8XLImEKX">xd8XLImEKX &nbsp;&nbsp;&nbsp;<input type="radio" name="9fnCbPCcXpLaEIvE" value="r5466YMo">r5466YMo &nbsp;&nbsp;&nbsp;<input type="radio" name="9fnCbPCcXpLaEIvE" value="rzOXA6C6pG7rl1Rj">rzOXA6C6pG7rl1Rj &nbsp;&nbsp;&nbsp;<input type="radio" name="9fnCbPCcXpLaEIvE" value="2lhg0Fz04F">2lhg0Fz04F &nbsp;&nbsp;&nbsp;<input type="radio" name="9fnCbPCcXpLaEIvE" value="js7bYhTOa">js7bYhTOa &nbsp;&nbsp;&nbsp;
Action.c(169): 9fnCbPCcXpLaEIvE
Action.c(170): rzOXA6C6pG7rl1Rj
Action.c(86): THERES A RADIO
Action.c(87): THIS IS IT!! <input type="radio" name="ERfK67aHo3oX5R2T" value="d3Bsdcg9Ol0Vgq2">d3Bsdcg9Ol0Vgq2 &nbsp;&nbsp;&nbsp;<input type="radio" name="ERfK67aHo3oX5R2T" value="MJ8Te7D">MJ8Te7D &nbsp;&nbsp;&nbsp;
Action.c(169): ERfK67aHo3oX5R2T
Action.c(170): 
Action.c(178): THERES A TEXT
Action.c(179): THIS IS IT!! <input type="text" name="7TdCl6UtDYKdFJwG">
Action.c(202): 7TdCl6UtDYKdFJwG
Action.c(86): THERES A RADIO
Action.c(87): THIS IS IT!! <input type="radio" name="iTuVx6wPnFI3DXHW" value="2ksSbQXGVYR37nTR">2ksSbQXGVYR37nTR &nbsp;&nbsp;&nbsp;<input type="radio" name="iTuVx6wPnFI3DXHW" value="B33DHir">B33DHir &nbsp;&nbsp;&nbsp;
Action.c(169): iTuVx6wPnFI3DXHW
Action.c(170): 2ksSbQXGVYR37nTR
Action.c(308): 9fnCbPCcXpLaEIvE=rzOXA6C6pG7rl1Rj&ERfK67aHo3oX5R2T=&7TdCl6UtDYKdFJwG=test&iTuVx6wPnFI3DXHW=2ksSbQXGVYR37nTR&
Action.c(312): web_add_auto_header("Conncection") started  	[MsgId: MMSG-26355]
Action.c(312): web_add_auto_header("Conncection") was successful  	[MsgId: MMSG-26392]
Action.c(315): web_reg_save_param started  	[MsgId: MMSG-26355]
Action.c(315): Registering web_reg_save_param was successful  	[MsgId: MMSG-26390]
Action.c(322): web_custom_request("q") started  	[MsgId: MMSG-26355]
Action.c(322): Warning -26625: HTTP Status-Code=406 (Not Acceptable) for "http://test.youplace.net/question/6"  	[MsgId: MWAR-26625]
Action.c(322): web_custom_request("q") highest severity level was "warning", 2179 body bytes, 136 header bytes, 18 chunking overhead bytes  	[MsgId: MMSG-26387]
Ending action Action.
Ending iteration 6.
Starting iteration 7.
Starting action Action.
Action.c(40): web_set_max_html_param_len started  	[MsgId: MMSG-26355]
Action.c(40): web_set_max_html_param_len was successful  	[MsgId: MMSG-26392]
Action.c(42): web_add_auto_header("Upgrade-Insecure-Requests") started  	[MsgId: MMSG-26355]
Action.c(42): web_add_auto_header("Upgrade-Insecure-Requests") was successful  	[MsgId: MMSG-26392]
Action.c(44): web_add_auto_header("Conncection") started  	[MsgId: MMSG-26355]
Action.c(44): web_add_auto_header("Conncection") was successful  	[MsgId: MMSG-26392]
Action.c(47): web_url("test.youplace.net") started  	[MsgId: MMSG-26355]
Action.c(47): web_url("test.youplace.net") was successful, 1375 body bytes, 209 header bytes  	[MsgId: MMSG-26386]
Action.c(57): web_reg_save_param started  	[MsgId: MMSG-26355]
Action.c(57): Registering web_reg_save_param was successful  	[MsgId: MMSG-26390]
Action.c(69): web_url("test.youplace.net") started  	[MsgId: MMSG-26355]
Action.c(69): Warning -26627: HTTP Status-Code=404 (Not Found) for "http://test.youplace.net/question/7"  	[MsgId: MWAR-26627]
Action.c(69): Warning -26377: No match found for the requested parameter "parags". Either the specified boundaries were not found in the response or the matched text is longer than current max html parameter size of 3000 bytes. The total length of the response is 15 bytes. You can use "web_set_max_html_param_len" to increase the max parameter size.  	[MsgId: MWAR-26377]
Action.c(69): web_url("test.youplace.net") highest severity level was "warning", 15 body bytes, 124 header bytes  	[MsgId: MMSG-26388]
Action.c(86): THERES A RADIO
Action.c(87): THIS IS IT!! <input type="radio" name="9fnCbPCcXpLaEIvE" value="xd8XLImEKX">xd8XLImEKX &nbsp;&nbsp;&nbsp;<input type="radio" name="9fnCbPCcXpLaEIvE" value="r5466YMo">r5466YMo &nbsp;&nbsp;&nbsp;<input type="radio" name="9fnCbPCcXpLaEIvE" value="rzOXA6C6pG7rl1Rj">rzOXA6C6pG7rl1Rj &nbsp;&nbsp;&nbsp;<input type="radio" name="9fnCbPCcXpLaEIvE" value="2lhg0Fz04F">2lhg0Fz04F &nbsp;&nbsp;&nbsp;<input type="radio" name="9fnCbPCcXpLaEIvE" value="js7bYhTOa">js7bYhTOa &nbsp;&nbsp;&nbsp;
Action.c(169): 9fnCbPCcXpLaEIvE
Action.c(170): rzOXA6C6pG7rl1Rj
Action.c(308): 9fnCbPCcXpLaEIvE=rzOXA6C6pG7rl1Rj&
Action.c(312): web_add_auto_header("Conncection") started  	[MsgId: MMSG-26355]
Action.c(312): web_add_auto_header("Conncection") was successful  	[MsgId: MMSG-26392]
Action.c(315): web_reg_save_param started  	[MsgId: MMSG-26355]
Action.c(315): Registering web_reg_save_param was successful  	[MsgId: MMSG-26390]
Action.c(322): web_custom_request("q") started  	[MsgId: MMSG-26355]
Action.c(322): Warning -26627: HTTP Status-Code=404 (Not Found) for "http://test.youplace.net/question/7"  	[MsgId: MWAR-26627]
Action.c(322): Warning -26377: No match found for the requested parameter "finish_test". Either the specified boundaries were not found in the response or the matched text is longer than current max html parameter size of 3000 bytes. The total length of the response is 15 bytes. You can use "web_set_max_html_param_len" to increase the max parameter size.  	[MsgId: MWAR-26377]
Action.c(322): web_custom_request("q") highest severity level was "warning", 15 body bytes, 124 header bytes  	[MsgId: MMSG-26388]
Ending action Action.
Ending iteration 7.
Starting iteration 8.
Starting action Action.
Action.c(40): web_set_max_html_param_len started  	[MsgId: MMSG-26355]
Action.c(40): web_set_max_html_param_len was successful  	[MsgId: MMSG-26392]
Action.c(42): web_add_auto_header("Upgrade-Insecure-Requests") started  	[MsgId: MMSG-26355]
Action.c(42): web_add_auto_header("Upgrade-Insecure-Requests") was successful  	[MsgId: MMSG-26392]
Action.c(44): web_add_auto_header("Conncection") started  	[MsgId: MMSG-26355]
Action.c(44): web_add_auto_header("Conncection") was successful  	[MsgId: MMSG-26392]
Action.c(47): web_url("test.youplace.net") started  	[MsgId: MMSG-26355]
Action.c(47): web_url("test.youplace.net") was successful, 1375 body bytes, 209 header bytes  	[MsgId: MMSG-26386]
Action.c(57): web_reg_save_param started  	[MsgId: MMSG-26355]
Action.c(57): Registering web_reg_save_param was successful  	[MsgId: MMSG-26390]
Action.c(69): web_url("test.youplace.net") started  	[MsgId: MMSG-26355]
Action.c(69): Warning -26627: HTTP Status-Code=404 (Not Found) for "http://test.youplace.net/question/8"  	[MsgId: MWAR-26627]
Action.c(69): Warning -26377: No match found for the requested parameter "parags". Either the specified boundaries were not found in the response or the matched text is longer than current max html parameter size of 3000 bytes. The total length of the response is 15 bytes. You can use "web_set_max_html_param_len" to increase the max parameter size.  	[MsgId: MWAR-26377]
Action.c(69): web_url("test.youplace.net") highest severity level was "warning", 15 body bytes, 124 header bytes  	[MsgId: MMSG-26388]
Action.c(86): THERES A RADIO
Action.c(87): THIS IS IT!! <input type="radio" name="9fnCbPCcXpLaEIvE" value="xd8XLImEKX">xd8XLImEKX &nbsp;&nbsp;&nbsp;<input type="radio" name="9fnCbPCcXpLaEIvE" value="r5466YMo">r5466YMo &nbsp;&nbsp;&nbsp;<input type="radio" name="9fnCbPCcXpLaEIvE" value="rzOXA6C6pG7rl1Rj">rzOXA6C6pG7rl1Rj &nbsp;&nbsp;&nbsp;<input type="radio" name="9fnCbPCcXpLaEIvE" value="2lhg0Fz04F">2lhg0Fz04F &nbsp;&nbsp;&nbsp;<input type="radio" name="9fnCbPCcXpLaEIvE" value="js7bYhTOa">js7bYhTOa &nbsp;&nbsp;&nbsp;
Action.c(169): 9fnCbPCcXpLaEIvE
Action.c(170): rzOXA6C6pG7rl1Rj
Action.c(308): 9fnCbPCcXpLaEIvE=rzOXA6C6pG7rl1Rj&
Action.c(312): web_add_auto_header("Conncection") started  	[MsgId: MMSG-26355]
Action.c(312): web_add_auto_header("Conncection") was successful  	[MsgId: MMSG-26392]
Action.c(315): web_reg_save_param started  	[MsgId: MMSG-26355]
Action.c(315): Registering web_reg_save_param was successful  	[MsgId: MMSG-26390]
Action.c(322): web_custom_request("q") started  	[MsgId: MMSG-26355]
Action.c(322): Warning -26627: HTTP Status-Code=404 (Not Found) for "http://test.youplace.net/question/8"  	[MsgId: MWAR-26627]
Action.c(322): Warning -26377: No match found for the requested parameter "finish_test". Either the specified boundaries were not found in the response or the matched text is longer than current max html parameter size of 3000 bytes. The total length of the response is 15 bytes. You can use "web_set_max_html_param_len" to increase the max parameter size.  	[MsgId: MWAR-26377]
Action.c(322): web_custom_request("q") highest severity level was "warning", 15 body bytes, 124 header bytes  	[MsgId: MMSG-26388]
Ending action Action.
Ending iteration 8.
Ending Vuser...
Starting action vuser_end.
Ending action vuser_end.
Vuser Terminated.
